----------------------------------------
----------------------------------------
----------------------------------------
----------------------------------------
Exception occurred during processing of request from ('::ffff:127.0.0.1', 49901, 0, 0)
----------------------------------------
----------------------------------------
Exception occurred during processing of request from ('::ffff:127.0.0.1', 49862, 0, 0)
----------------------------------------
----------------------------------------
Exception occurred during processing of request from ('::ffff:127.0.0.1', 49845, 0, 0)
----------------------------------------
Exception occurred during processing of request from ('::ffff:127.0.0.1', 49854, 0, 0)
----------------------------------------
----------------------------------------
----------------------------------------
Exception occurred during processing of request from ('::ffff:127.0.0.1', 49889, 0, 0)
----------------------------------------
Exception occurred during processing of request from ('::ffff:127.0.0.1', 49868, 0, 0)
Exception occurred during processing of request from ('::ffff:127.0.0.1', 49837, 0, 0)
----------------------------------------
Exception occurred during processing of request from ('::ffff:127.0.0.1', 49873, 0, 0)
Exception occurred during processing of request from ('::ffff:127.0.0.1', 49833, 0, 0)
Exception occurred during processing of request from ('::ffff:127.0.0.1', 49879, 0, 0)
Exception occurred during processing of request from ('::ffff:127.0.0.1', 49840, 0, 0)
Exception occurred during processing of request from ('::ffff:127.0.0.1', 49852, 0, 0)
----------------------------------------
Exception occurred during processing of request from ('::ffff:127.0.0.1', 49857, 0, 0)
Exception occurred during processing of request from ('::ffff:127.0.0.1', 49895, 0, 0)
----------------------------------------
Exception occurred during processing of request from ('::ffff:127.0.0.1', 49870, 0, 0)
Exception occurred during processing of request from ('::ffff:127.0.0.1', 49910, 0, 0)
Traceback (most recent call last):
Traceback (most recent call last):
  File "D:\anacodna\lib\socketserver.py", line 683, in process_request_thread
    self.finish_request(request, client_address)
Traceback (most recent call last):
Traceback (most recent call last):
Traceback (most recent call last):
Traceback (most recent call last):
Traceback (most recent call last):
  File "D:\anacodna\lib\socketserver.py", line 683, in process_request_thread
    self.finish_request(request, client_address)
Traceback (most recent call last):
Traceback (most recent call last):
Traceback (most recent call last):
Traceback (most recent call last):
Traceback (most recent call last):
  File "D:\anacodna\lib\socketserver.py", line 360, in finish_request
    self.RequestHandlerClass(request, client_address, self)
Traceback (most recent call last):
Traceback (most recent call last):
  File "D:\anacodna\lib\socketserver.py", line 683, in process_request_thread
    self.finish_request(request, client_address)
Traceback (most recent call last):
  File "D:\anacodna\lib\socketserver.py", line 683, in process_request_thread
    self.finish_request(request, client_address)
Traceback (most recent call last):
  File "D:\anacodna\lib\socketserver.py", line 683, in process_request_thread
    self.finish_request(request, client_address)
  File "D:\anacodna\lib\socketserver.py", line 683, in process_request_thread
    self.finish_request(request, client_address)
  File "D:\anacodna\lib\socketserver.py", line 683, in process_request_thread
    self.finish_request(request, client_address)
  File "D:\anacodna\lib\socketserver.py", line 360, in finish_request
    self.RequestHandlerClass(request, client_address, self)
  File "D:\anacodna\lib\socketserver.py", line 683, in process_request_thread
    self.finish_request(request, client_address)
  File "D:\anacodna\lib\socketserver.py", line 683, in process_request_thread
    self.finish_request(request, client_address)
  File "D:\anacodna\lib\socketserver.py", line 683, in process_request_thread
    self.finish_request(request, client_address)
  File "D:\anacodna\lib\socketserver.py", line 683, in process_request_thread
    self.finish_request(request, client_address)
  File "D:\anacodna\lib\socketserver.py", line 683, in process_request_thread
    self.finish_request(request, client_address)
  File "D:\anacodna\lib\http\server.py", line 653, in __init__
    super().__init__(*args, **kwargs)
  File "D:\anacodna\lib\socketserver.py", line 683, in process_request_thread
    self.finish_request(request, client_address)
  File "D:\anacodna\lib\socketserver.py", line 683, in process_request_thread
    self.finish_request(request, client_address)
  File "D:\anacodna\lib\socketserver.py", line 360, in finish_request
    self.RequestHandlerClass(request, client_address, self)
  File "D:\anacodna\lib\http\server.py", line 653, in __init__
    super().__init__(*args, **kwargs)
  File "D:\anacodna\lib\socketserver.py", line 747, in __init__
    self.handle()
  File "D:\anacodna\lib\http\server.py", line 427, in handle
    self.handle_one_request()
  File "D:\anacodna\lib\http\server.py", line 395, in handle_one_request
    self.raw_requestline = self.rfile.readline(65537)
  File "D:\anacodna\lib\socket.py", line 704, in readinto
    return self._sock.recv_into(b)
  File "D:\anacodna\lib\socketserver.py", line 360, in finish_request
    self.RequestHandlerClass(request, client_address, self)
  File "D:\anacodna\lib\http\server.py", line 653, in __init__
    super().__init__(*args, **kwargs)
  File "D:\anacodna\lib\socketserver.py", line 747, in __init__
    self.handle()
  File "D:\anacodna\lib\http\server.py", line 427, in handle
    self.handle_one_request()
  File "D:\anacodna\lib\http\server.py", line 395, in handle_one_request
    self.raw_requestline = self.rfile.readline(65537)
  File "D:\anacodna\lib\socket.py", line 704, in readinto
    return self._sock.recv_into(b)
  File "D:\anacodna\lib\socketserver.py", line 360, in finish_request
    self.RequestHandlerClass(request, client_address, self)
  File "D:\anacodna\lib\socketserver.py", line 747, in __init__
    self.handle()
  File "D:\anacodna\lib\socketserver.py", line 360, in finish_request
    self.RequestHandlerClass(request, client_address, self)
  File "D:\anacodna\lib\socketserver.py", line 360, in finish_request
    self.RequestHandlerClass(request, client_address, self)
  File "D:\anacodna\lib\socketserver.py", line 683, in process_request_thread
    self.finish_request(request, client_address)
  File "D:\anacodna\lib\socketserver.py", line 360, in finish_request
    self.RequestHandlerClass(request, client_address, self)
  File "D:\anacodna\lib\http\server.py", line 653, in __init__
    super().__init__(*args, **kwargs)
  File "D:\anacodna\lib\socketserver.py", line 747, in __init__
    self.handle()
  File "D:\anacodna\lib\http\server.py", line 427, in handle
    self.handle_one_request()
  File "D:\anacodna\lib\http\server.py", line 395, in handle_one_request
    self.raw_requestline = self.rfile.readline(65537)
  File "D:\anacodna\lib\socket.py", line 704, in readinto
    return self._sock.recv_into(b)
  File "D:\anacodna\lib\socketserver.py", line 360, in finish_request
    self.RequestHandlerClass(request, client_address, self)
  File "D:\anacodna\lib\socketserver.py", line 360, in finish_request
    self.RequestHandlerClass(request, client_address, self)
  File "D:\anacodna\lib\socketserver.py", line 360, in finish_request
    self.RequestHandlerClass(request, client_address, self)
  File "D:\anacodna\lib\socketserver.py", line 360, in finish_request
    self.RequestHandlerClass(request, client_address, self)
ConnectionResetError: [WinError 10054] 远程主机强迫关闭了一个现有的连接。
  File "D:\anacodna\lib\http\server.py", line 653, in __init__
    super().__init__(*args, **kwargs)
  File "D:\anacodna\lib\http\server.py", line 427, in handle
    self.handle_one_request()
  File "D:\anacodna\lib\http\server.py", line 653, in __init__
    super().__init__(*args, **kwargs)
  File "D:\anacodna\lib\http\server.py", line 653, in __init__
    super().__init__(*args, **kwargs)
  File "D:\anacodna\lib\socketserver.py", line 747, in __init__
    self.handle()
  File "D:\anacodna\lib\http\server.py", line 427, in handle
    self.handle_one_request()
  File "D:\anacodna\lib\http\server.py", line 395, in handle_one_request
    self.raw_requestline = self.rfile.readline(65537)
  File "D:\anacodna\lib\socket.py", line 704, in readinto
    return self._sock.recv_into(b)
ConnectionResetError: [WinError 10054] 远程主机强迫关闭了一个现有的连接。
  File "D:\anacodna\lib\http\server.py", line 653, in __init__
    super().__init__(*args, **kwargs)
ConnectionResetError: [WinError 10054] 远程主机强迫关闭了一个现有的连接。
  File "D:\anacodna\lib\http\server.py", line 653, in __init__
    super().__init__(*args, **kwargs)
  File "D:\anacodna\lib\http\server.py", line 653, in __init__
    super().__init__(*args, **kwargs)
  File "D:\anacodna\lib\socketserver.py", line 683, in process_request_thread
    self.finish_request(request, client_address)
  File "D:\anacodna\lib\http\server.py", line 653, in __init__
    super().__init__(*args, **kwargs)
----------------------------------------
  File "D:\anacodna\lib\socketserver.py", line 747, in __init__
    self.handle()
  File "D:\anacodna\lib\http\server.py", line 427, in handle
    self.handle_one_request()
  File "D:\anacodna\lib\socketserver.py", line 747, in __init__
    self.handle()
  File "D:\anacodna\lib\http\server.py", line 427, in handle
    self.handle_one_request()
  File "D:\anacodna\lib\http\server.py", line 395, in handle_one_request
    self.raw_requestline = self.rfile.readline(65537)
  File "D:\anacodna\lib\socket.py", line 704, in readinto
    return self._sock.recv_into(b)
  File "D:\anacodna\lib\socketserver.py", line 360, in finish_request
    self.RequestHandlerClass(request, client_address, self)
ConnectionResetError: [WinError 10054] 远程主机强迫关闭了一个现有的连接。
  File "D:\anacodna\lib\http\server.py", line 395, in handle_one_request
    self.raw_requestline = self.rfile.readline(65537)
  File "D:\anacodna\lib\http\server.py", line 395, in handle_one_request
    self.raw_requestline = self.rfile.readline(65537)
  File "D:\anacodna\lib\socketserver.py", line 360, in finish_request
    self.RequestHandlerClass(request, client_address, self)
  File "D:\anacodna\lib\http\server.py", line 653, in __init__
    super().__init__(*args, **kwargs)
  File "D:\anacodna\lib\socketserver.py", line 360, in finish_request
    self.RequestHandlerClass(request, client_address, self)
ConnectionResetError: [WinError 10054] 远程主机强迫关闭了一个现有的连接。
  File "D:\anacodna\lib\http\server.py", line 653, in __init__
    super().__init__(*args, **kwargs)
----------------------------------------
  File "D:\anacodna\lib\socket.py", line 704, in readinto
    return self._sock.recv_into(b)
  File "D:\anacodna\lib\socket.py", line 704, in readinto
    return self._sock.recv_into(b)
  File "D:\anacodna\lib\http\server.py", line 653, in __init__
    super().__init__(*args, **kwargs)
  File "D:\anacodna\lib\socketserver.py", line 747, in __init__
    self.handle()
  File "D:\anacodna\lib\http\server.py", line 653, in __init__
    super().__init__(*args, **kwargs)
----------------------------------------
  File "D:\anacodna\lib\socketserver.py", line 747, in __init__
    self.handle()
  File "D:\anacodna\lib\http\server.py", line 427, in handle
    self.handle_one_request()
  File "D:\anacodna\lib\http\server.py", line 395, in handle_one_request
    self.raw_requestline = self.rfile.readline(65537)
ConnectionResetError: [WinError 10054] 远程主机强迫关闭了一个现有的连接。
  File "D:\anacodna\lib\socketserver.py", line 360, in finish_request
    self.RequestHandlerClass(request, client_address, self)
  File "D:\anacodna\lib\socketserver.py", line 747, in __init__
    self.handle()
----------------------------------------
----------------------------------------
  File "D:\anacodna\lib\socketserver.py", line 747, in __init__
    self.handle()
  File "D:\anacodna\lib\socketserver.py", line 747, in __init__
    self.handle()
  File "D:\anacodna\lib\http\server.py", line 427, in handle
    self.handle_one_request()
  File "D:\anacodna\lib\http\server.py", line 395, in handle_one_request
    self.raw_requestline = self.rfile.readline(65537)
  File "D:\anacodna\lib\socket.py", line 704, in readinto
    return self._sock.recv_into(b)
ConnectionResetError: [WinError 10054] 远程主机强迫关闭了一个现有的连接。
  File "D:\anacodna\lib\http\server.py", line 427, in handle
    self.handle_one_request()
----------------------------------------
  File "D:\anacodna\lib\http\server.py", line 653, in __init__
    super().__init__(*args, **kwargs)
  File "D:\anacodna\lib\http\server.py", line 427, in handle
    self.handle_one_request()
ConnectionResetError: [WinError 10054] 远程主机强迫关闭了一个现有的连接。
----------------------------------------
  File "D:\anacodna\lib\http\server.py", line 395, in handle_one_request
    self.raw_requestline = self.rfile.readline(65537)
  File "D:\anacodna\lib\socketserver.py", line 747, in __init__
    self.handle()
  File "D:\anacodna\lib\socketserver.py", line 747, in __init__
    self.handle()
  File "D:\anacodna\lib\socket.py", line 704, in readinto
    return self._sock.recv_into(b)
  File "D:\anacodna\lib\socketserver.py", line 747, in __init__
    self.handle()
  File "D:\anacodna\lib\http\server.py", line 427, in handle
    self.handle_one_request()
  File "D:\anacodna\lib\http\server.py", line 395, in handle_one_request
    self.raw_requestline = self.rfile.readline(65537)
  File "D:\anacodna\lib\http\server.py", line 427, in handle
    self.handle_one_request()
  File "D:\anacodna\lib\http\server.py", line 395, in handle_one_request
    self.raw_requestline = self.rfile.readline(65537)
  File "D:\anacodna\lib\socket.py", line 704, in readinto
    return self._sock.recv_into(b)
  File "D:\anacodna\lib\socket.py", line 704, in readinto
    return self._sock.recv_into(b)
  File "D:\anacodna\lib\http\server.py", line 427, in handle
    self.handle_one_request()
ConnectionResetError: [WinError 10054] 远程主机强迫关闭了一个现有的连接。
ConnectionResetError: [WinError 10054] 远程主机强迫关闭了一个现有的连接。
ConnectionResetError: [WinError 10054] 远程主机强迫关闭了一个现有的连接。
  File "D:\anacodna\lib\http\server.py", line 395, in handle_one_request
    self.raw_requestline = self.rfile.readline(65537)
  File "D:\anacodna\lib\http\server.py", line 395, in handle_one_request
    self.raw_requestline = self.rfile.readline(65537)
----------------------------------------
----------------------------------------
----------------------------------------
  File "D:\anacodna\lib\socket.py", line 704, in readinto
    return self._sock.recv_into(b)
  File "D:\anacodna\lib\socket.py", line 704, in readinto
    return self._sock.recv_into(b)
  File "D:\anacodna\lib\socket.py", line 704, in readinto
    return self._sock.recv_into(b)
  File "D:\anacodna\lib\http\server.py", line 427, in handle
    self.handle_one_request()
  File "D:\anacodna\lib\socketserver.py", line 747, in __init__
    self.handle()
  File "D:\anacodna\lib\http\server.py", line 427, in handle
    self.handle_one_request()
  File "D:\anacodna\lib\http\server.py", line 395, in handle_one_request
    self.raw_requestline = self.rfile.readline(65537)
  File "D:\anacodna\lib\socket.py", line 704, in readinto
    return self._sock.recv_into(b)
ConnectionResetError: [WinError 10054] 远程主机强迫关闭了一个现有的连接。
  File "D:\anacodna\lib\http\server.py", line 395, in handle_one_request
    self.raw_requestline = self.rfile.readline(65537)
----------------------------------------
ConnectionResetError: [WinError 10054] 远程主机强迫关闭了一个现有的连接。
ConnectionResetError: [WinError 10054] 远程主机强迫关闭了一个现有的连接。
ConnectionResetError: [WinError 10054] 远程主机强迫关闭了一个现有的连接。
----------------------------------------
----------------------------------------
----------------------------------------
----------------------------------------
  File "D:\anacodna\lib\socket.py", line 704, in readinto
    return self._sock.recv_into(b)
ConnectionResetError: [WinError 10054] 远程主机强迫关闭了一个现有的连接。
----------------------------------------
----------------------------------------
Exception occurred during processing of request from ('::ffff:127.0.0.1', 49927, 0, 0)
----------------------------------------
Exception occurred during processing of request from ('::ffff:127.0.0.1', 49917, 0, 0)
Traceback (most recent call last):
  File "D:\anacodna\lib\socketserver.py", line 683, in process_request_thread
    self.finish_request(request, client_address)
Traceback (most recent call last):
  File "D:\anacodna\lib\socketserver.py", line 360, in finish_request
    self.RequestHandlerClass(request, client_address, self)
  File "D:\anacodna\lib\socketserver.py", line 683, in process_request_thread
    self.finish_request(request, client_address)
  File "D:\anacodna\lib\http\server.py", line 653, in __init__
    super().__init__(*args, **kwargs)
  File "D:\anacodna\lib\socketserver.py", line 360, in finish_request
    self.RequestHandlerClass(request, client_address, self)
  File "D:\anacodna\lib\socketserver.py", line 747, in __init__
    self.handle()
  File "D:\anacodna\lib\http\server.py", line 653, in __init__
    super().__init__(*args, **kwargs)
  File "D:\anacodna\lib\http\server.py", line 427, in handle
    self.handle_one_request()
  File "D:\anacodna\lib\http\server.py", line 395, in handle_one_request
    self.raw_requestline = self.rfile.readline(65537)
  File "D:\anacodna\lib\socket.py", line 704, in readinto
    return self._sock.recv_into(b)
  File "D:\anacodna\lib\socketserver.py", line 747, in __init__
    self.handle()
ConnectionResetError: [WinError 10054] 远程主机强迫关闭了一个现有的连接。
  File "D:\anacodna\lib\http\server.py", line 427, in handle
    self.handle_one_request()
----------------------------------------
  File "D:\anacodna\lib\http\server.py", line 395, in handle_one_request
    self.raw_requestline = self.rfile.readline(65537)
  File "D:\anacodna\lib\socket.py", line 704, in readinto
    return self._sock.recv_into(b)
ConnectionResetError: [WinError 10054] 远程主机强迫关闭了一个现有的连接。
----------------------------------------
::ffff:127.0.0.1 - - [22/Sep/2025 21:18:55] "GET / HTTP/1.1" 200 -
::ffff:127.0.0.1 - - [22/Sep/2025 21:28:06] "GET / HTTP/1.1" 200 -
::1 - - [22/Sep/2025 21:31:47] "GET / HTTP/1.1" 304 -
::1 - - [22/Sep/2025 21:31:50] "GET /script.js?v=20250910-1 HTTP/1.1" 304 -
::1 - - [23/Sep/2025 21:19:21] "GET / HTTP/1.1" 200 -
::1 - - [23/Sep/2025 21:19:21] "GET /styles.css HTTP/1.1" 304 -
::1 - - [23/Sep/2025 21:19:21] "GET /%E4%B8%AD%E5%8C%BB%E9%83%A8%E5%88%86/static/app.js HTTP/1.1" 304 -
::1 - - [23/Sep/2025 21:19:21] "GET /script.js?v=20250910-1 HTTP/1.1" 200 -
::1 - - [23/Sep/2025 23:18:19] "GET / HTTP/1.1" 200 -
::1 - - [23/Sep/2025 23:18:19] "GET /script.js?v=20250910-1 HTTP/1.1" 200 -
::1 - - [23/Sep/2025 23:47:30] "GET / HTTP/1.1" 200 -
::1 - - [23/Sep/2025 23:47:30] "GET /script.js?v=20250910-1 HTTP/1.1" 200 -
::1 - - [24/Sep/2025 00:06:36] "GET / HTTP/1.1" 200 -
::1 - - [24/Sep/2025 00:06:36] "GET /script.js?v=20250910-1 HTTP/1.1" 200 -
::1 - - [24/Sep/2025 00:09:36] "GET / HTTP/1.1" 304 -
::1 - - [24/Sep/2025 00:09:36] "GET /script.js?v=20250910-1 HTTP/1.1" 304 -
::1 - - [24/Sep/2025 00:17:03] "GET / HTTP/1.1" 200 -
::1 - - [24/Sep/2025 00:17:03] "GET /script.js?v=20250910-1 HTTP/1.1" 200 -
::1 - - [24/Sep/2025 00:17:23] "GET / HTTP/1.1" 200 -
::1 - - [24/Sep/2025 00:17:23] "GET /styles.css HTTP/1.1" 200 -
::1 - - [24/Sep/2025 00:17:23] "GET /%E4%B8%AD%E5%8C%BB%E9%83%A8%E5%88%86/static/app.js HTTP/1.1" 200 -
::1 - - [24/Sep/2025 00:17:23] "GET /%E4%B8%AD%E5%8C%BB%E9%83%A8%E5%88%86/static/digital_tcm_data.js HTTP/1.1" 200 -
::1 - - [24/Sep/2025 00:17:23] "GET /ai-medical.js?v=20250910-1 HTTP/1.1" 200 -
::1 - - [24/Sep/2025 00:17:23] "GET /script.js?v=20250910-1 HTTP/1.1" 200 -
::1 - - [24/Sep/2025 00:17:48] code 404, message File not found
::1 - - [24/Sep/2025 00:17:48] "GET /favicon.ico HTTP/1.1" 404 -
::1 - - [24/Sep/2025 13:29:21] "GET / HTTP/1.1" 200 -
::1 - - [24/Sep/2025 13:29:21] "GET /styles.css HTTP/1.1" 304 -
::1 - - [24/Sep/2025 13:29:21] "GET /script.js?v=20250910-1 HTTP/1.1" 200 -
::1 - - [24/Sep/2025 13:29:21] "GET /%E4%B8%AD%E5%8C%BB%E9%83%A8%E5%88%86/static/app.js HTTP/1.1" 304 -
::1 - - [24/Sep/2025 13:40:01] "GET / HTTP/1.1" 304 -
::1 - - [24/Sep/2025 13:40:01] "GET /script.js?v=20250910-1 HTTP/1.1" 200 -
